-0.314159265358979  -0.166178825323539  0.096991243620199  0.733586543498704  0.873686335947639  2.329720146303752  2.430948421966872  4.746075371282704
-0.301336438201470  -0.166357141668904  0.097398653290744  0.729759585318320  0.877854043062778  2.315180851900536  2.445793690246384  4.689952789985858
-0.288513611043961  -0.166743267536606  0.098587864172940  0.719720194630841  0.888949459117625  2.285211324927721  2.476748796663653  4.634163283547288
-0.275690783886451  -0.167328383816861  0.100548371364212  0.705544161084420  0.904897830713619  2.250355563368929  2.513269980802654  4.578707263942587
-0.262867956728942  -0.168098629367021  0.103263532171517  0.688958267234897  0.923974129313121  2.213895354854232  2.552075999608313  4.523585214128971
-0.250045129571432  -0.169035847113075  0.106711202365633  0.671052918593752  0.945090485237113  2.176890684044269  2.592107748409167  4.468797705439993
-0.237222302413923  -0.170118490017820  0.110864477381139  0.652467075104262  0.967611351701900  2.139761841698034  2.632946198175763  4.414345420514743
-0.224399475256414  -0.171322594191145  0.115692432060320  0.633578782900383  0.991163106690917  2.102705900157537  2.674395989116570  4.360229183952975
-0.211576648098904  -0.172622734709746  0.121160754121090  0.614621491971126  1.015517916553093  2.065828027320312  2.716354216166720  4.306450003942864
-0.198753820941395  -0.173992898576460  0.127232175906292  0.595747849105484  1.040530185095018  2.029190747827510  2.758761309462010  4.253009129771864
-0.185930993783886  -0.175407232655311  0.133866618615962  0.577064613483033  1.066101958456673  1.992835208100755  2.801579971544615  4.199908132820597
-0.173108166626376  -0.176840647083547  0.141020965561179  0.558652528606108  1.092163474979814  1.956791538783732  2.844785106733701  4.147149023108315
-0.160285339468867  -0.178269273147213  0.148648369061999  0.540578409297990  1.118661629283462  1.921084579670505  2.888358524276253  4.094734421117637
-0.147462512311358  -0.179670787480719  0.156696962702588  0.522903263101061  1.145552560818424  1.885737600104138  2.932285859512693  4.042667818222140
-0.134639685153848  -0.181024621838292  0.165107789112898  0.505688581103212  1.172796250855214  1.850775329128207  2.976554530426549  3.990953984160588
-0.121816857996339  -0.182312080606042  0.173811653844888  0.489002148628618  1.200351749592622  1.816227174618102  3.021152082776773  3.939599628609816
-0.108994030838830  -0.183516388006627  0.182724468496673  0.472924413543973  1.228171821350957  1.782131540181155  3.066064441788619  3.888614523174804
-0.096171203681320  -0.184622684846520  0.191740450488329  0.457556397816046  1.256195433758768  1.748542629109979  3.111273499623228  3.838013506192855
-0.083348376523811  -0.185617991657186  0.200722345213262  0.443030201077177  1.284335317551696  1.715542394635532  3.156753024831282  3.787820300652398
-0.070525549366301  -0.186491151867401  0.209487812223461  0.429523088685594  1.312454767086985  1.683263394678709  3.202460602579758  3.738075387626905
-0.057702722208792  -0.187232765624984  0.217791839712612  0.417275385954545  1.340319984101256  1.651936202735306  3.248319514956475  3.688853996436998
-0.044879895051283  -0.187835122267746  0.225307934236745  0.406609487698198  1.367492837863605  1.621996471958605  3.294171494698360  3.640313259891014
-0.032057067893773  -0.188292137293569  0.231618376963680  0.397939728874400  1.393068553444455  1.594347121112031  3.339626670493539  3.592842204839171
-0.019234240736264  -0.188599297983181  0.236237070070423  0.391749617337343  1.415017121380852  1.571016836109747  3.383425945840966  3.547699328580837
-0.006411413578755  -0.188753620527568  0.238696185541833  0.388505232717437  1.428941713914162  1.556401593376732  3.419349050218700  3.511104517547330
0.006411413578755  -0.188753620527568  0.238696185541833  0.388505232717437  1.428941713914164  1.556401593376731  3.419349050218698  3.511104517547332
0.019234240736264  -0.188599297983181  0.236237070070424  0.391749617337343  1.415017121380852  1.571016836109747  3.383425945840967  3.547699328580838
0.032057067893773  -0.188292137293570  0.231618376963681  0.397939728874401  1.393068553444454  1.594347121112031  3.339626670493544  3.592842204839171
0.044879895051283  -0.187835122267745  0.225307934236746  0.406609487698198  1.367492837863606  1.621996471958606  3.294171494698356  3.640313259891011
0.057702722208792  -0.187232765624984  0.217791839712612  0.417275385954544  1.340319984101259  1.651936202735306  3.248319514956476  3.688853996436999
0.070525549366301  -0.186491151867400  0.209487812223462  0.429523088685594  1.312454767086986  1.683263394678709  3.202460602579757  3.738075387626905
0.083348376523811  -0.185617991657185  0.200722345213263  0.443030201077178  1.284335317551697  1.715542394635532  3.156753024831285  3.787820300652399
0.096171203681320  -0.184622684846520  0.191740450488329  0.457556397816046  1.256195433758767  1.748542629109980  3.111273499623228  3.838013506192856
0.108994030838830  -0.183516388006627  0.182724468496673  0.472924413543973  1.228171821350956  1.782131540181153  3.066064441788619  3.888614523174805
0.121816857996339  -0.182312080606042  0.173811653844889  0.489002148628618  1.200351749592623  1.816227174618102  3.021152082776775  3.939599628609818
0.134639685153848  -0.181024621838292  0.165107789112898  0.505688581103212  1.172796250855213  1.850775329128206  2.976554530426549  3.990953984160585
0.147462512311358  -0.179670787480718  0.156696962702588  0.522903263101061  1.145552560818423  1.885737600104135  2.932285859512694  4.042667818222140
0.160285339468867  -0.178269273147212  0.148648369062000  0.540578409297990  1.118661629283461  1.921084579670504  2.888358524276249  4.094734421117639
0.173108166626376  -0.176840647083546  0.141020965561179  0.558652528606106  1.092163474979814  1.956791538783732  2.844785106733699  4.147149023108319
0.185930993783886  -0.175407232655312  0.133866618615963  0.577064613483034  1.066101958456672  1.992835208100756  2.801579971544617  4.199908132820597
0.198753820941395  -0.173992898576460  0.127232175906292  0.595747849105483  1.040530185095019  2.029190747827508  2.758761309462010  4.253009129771861
0.211576648098904  -0.172622734709746  0.121160754121089  0.614621491971126  1.015517916553091  2.065828027320309  2.716354216166718  4.306450003942863
0.224399475256414  -0.171322594191145  0.115692432060321  0.633578782900383  0.991163106690916  2.102705900157538  2.674395989116570  4.360229183952976
0.237222302413923  -0.170118490017820  0.110864477381139  0.652467075104262  0.967611351701901  2.139761841698031  2.632946198175763  4.414345420514741
0.250045129571432  -0.169035847113074  0.106711202365634  0.671052918593752  0.945090485237113  2.176890684044266  2.592107748409165  4.468797705439989
0.262867956728942  -0.168098629367021  0.103263532171516  0.688958267234897  0.923974129313121  2.213895354854231  2.552075999608314  4.523585214128974
0.275690783886451  -0.167328383816860  0.100548371364212  0.705544161084420  0.904897830713619  2.250355563368931  2.513269980802655  4.578707263942589
0.288513611043961  -0.166743267536605  0.098587864172940  0.719720194630841  0.888949459117625  2.285211324927723  2.476748796663656  4.634163283547285
0.301336438201470  -0.166357141668905  0.097398653290744  0.729759585318320  0.877854043062779  2.315180851900541  2.445793690246385  4.689952789985866
0.314159265358979  -0.166178825323538  0.096991243620200  0.733586543498704  0.873686335947640  2.329720146303751  2.430948421966872  4.746075371282705
